-outxml
-source
1.6
-target
1.6
-classpath
/Users/timothyjeffcoat/.m2/repository/antlr/antlr/2.7.6/antlr-2.7.6.jar:/Users/timothyjeffcoat/.m2/repository/aopalliance/aopalliance/1.0/aopalliance-1.0.jar:/Users/timothyjeffcoat/.m2/repository/bouncycastle/bcmail-jdk14/136/bcmail-jdk14-136.jar:/Users/timothyjeffcoat/.m2/repository/bouncycastle/bcprov-jdk14/136/bcprov-jdk14-136.jar:/Users/timothyjeffcoat/.m2/repository/bouncycastle/bcprov-jdk15/140/bcprov-jdk15-140.jar:/Users/timothyjeffcoat/.m2/repository/ca/digitalface/ca.digitalface.jasperoo/0.1.5-RELEASE/ca.digitalface.jasperoo-0.1.5-RELEASE.jar:/Users/timothyjeffcoat/.m2/repository/cglib/cglib-nodep/2.2/cglib-nodep-2.2.jar:/Users/timothyjeffcoat/.m2/repository/com/google/api-client/google-api-client/1.11.0-beta/google-api-client-1.11.0-beta.jar:/Users/timothyjeffcoat/.m2/repository/com/google/apis/google-api-services-calendar/v3-rev16-1.8.0-beta/google-api-services-calendar-v3-rev16-1.8.0-beta.jar:/Users/timothyjeffcoat/.m2/repository/com/google/code/findbugs/jsr305/1.3.9/jsr305-1.3.9.jar:/Users/timothyjeffcoat/.m2/repository/com/google/gdata/gdata-calendar/2.0/gdata-calendar-2.0.jar:/Users/timothyjeffcoat/.m2/repository/com/google/gdata/gdata-calendar-meta/2.0/gdata-calendar-meta-2.0.jar:/Users/timothyjeffcoat/.m2/repository/com/google/gdata/gdata-client/1.0/gdata-client-1.0.jar:/Users/timothyjeffcoat/.m2/repository/com/google/gdata/gdata-core/1.0/gdata-core-1.0.jar:/Users/timothyjeffcoat/.m2/repository/com/google/guava/guava/11.0.1/guava-11.0.1.jar:/Users/timothyjeffcoat/.m2/repository/com/google/http-client/google-http-client/1.11.0-beta/google-http-client-1.11.0-beta.jar:/Users/timothyjeffcoat/.m2/repository/com/google/oauth-client/google-oauth-client/1.11.0-beta/google-oauth-client-1.11.0-beta.jar:/Users/timothyjeffcoat/.m2/repository/com/googlecode/json-simple/json-simple/1.1/json-simple-1.1.jar:/Users/timothyjeffcoat/.m2/repository/com/lowagie/itext/2.1.0/itext-2.1.0.jar:/Users/timothyjeffcoat/.m2/repository/commons-beanutils/commons-beanutils/1.8.0/commons-beanutils-1.8.0.jar:/Users/timothyjeffcoat/.m2/repository/commons-codec/commons-codec/1.2/commons-codec-1.2.jar:/Users/timothyjeffcoat/.m2/repository/commons-collections/commons-collections/3.1/commons-collections-3.1.jar:/Users/timothyjeffcoat/.m2/repository/commons-dbcp/commons-dbcp/1.3/commons-dbcp-1.3.jar:/Users/timothyjeffcoat/.m2/repository/commons-digester/commons-digester/2.0/commons-digester-2.0.jar:/Users/timothyjeffcoat/.m2/repository/commons-fileupload/commons-fileupload/1.2.1/commons-fileupload-1.2.1.jar:/Users/timothyjeffcoat/.m2/repository/commons-httpclient/commons-httpclient/3.0/commons-httpclient-3.0.jar:/Users/timothyjeffcoat/.m2/repository/commons-io/commons-io/1.4/commons-io-1.4.jar:/Users/timothyjeffcoat/.m2/repository/commons-lang/commons-lang/2.1/commons-lang-2.1.jar:/Users/timothyjeffcoat/.m2/repository/commons-logging/commons-logging/1.0.4/commons-logging-1.0.4.jar:/Users/timothyjeffcoat/.m2/repository/commons-net/commons-net/2.0/commons-net-2.0.jar:/Users/timothyjeffcoat/.m2/repository/commons-pool/commons-pool/1.5.4/commons-pool-1.5.4.jar:/Users/timothyjeffcoat/.m2/repository/dom4j/dom4j/1.6.1/dom4j-1.6.1.jar:/Users/timothyjeffcoat/.m2/repository/eclipse/jdtcore/3.1.0/jdtcore-3.1.0.jar:/Users/timothyjeffcoat/.m2/repository/ical4j/ical4j/0.9.20/ical4j-0.9.20.jar:/Users/timothyjeffcoat/.m2/repository/jasperreports/jasperreports/3.5.3/jasperreports-3.5.3.jar:/Users/timothyjeffcoat/.m2/repository/jasperreports/jasperreports/3.5.3/jasperreports-3.5.3.jar:/Users/timothyjeffcoat/.m2/repository/javassist/javassist/3.12.0.GA/javassist-3.12.0.GA.jar:/Users/timothyjeffcoat/.m2/repository/javax/activation/activation/1.1.1/activation-1.1.1.jar:/Users/timothyjeffcoat/.m2/repository/javax/el/el-api/1.0/el-api-1.0.jar:/Users/timothyjeffcoat/.m2/repository/javax/inject/javax.inject/1/javax.inject-1.jar:/Users/timothyjeffcoat/.m2/repository/javax/mail/mail/1.4.1/mail-1.4.1.jar:/Users/timothyjeffcoat/.m2/repository/javax/servlet/jstl/1.2/jstl-1.2.jar:/Users/timothyjeffcoat/.m2/repository/javax/servlet/servlet-api/2.5/servlet-api-2.5.jar:/Users/timothyjeffcoat/.m2/repository/javax/servlet/jsp/jsp-api/2.1/jsp-api-2.1.jar:/Users/timothyjeffcoat/.m2/repository/javax/transaction/jta/1.1/jta-1.1.jar:/Users/timothyjeffcoat/.m2/repository/javax/validation/validation-api/1.0.0.GA/validation-api-1.0.0.GA.jar:/Users/timothyjeffcoat/.m2/repository/jfree/jcommon/1.0.15/jcommon-1.0.15.jar:/Users/timothyjeffcoat/.m2/repository/jfree/jfreechart/1.0.12/jfreechart-1.0.12.jar:/Users/timothyjeffcoat/.m2/repository/joda-time/joda-time/1.6/joda-time-1.6.jar:/Users/timothyjeffcoat/.m2/repository/junit/junit/4.8.1/junit-4.8.1.jar:/Users/timothyjeffcoat/.m2/repository/log4j/log4j/1.2.16/log4j-1.2.16.jar:/Users/timothyjeffcoat/.m2/repository/net/sf/flexjson/flexjson/2.0/flexjson-2.0.jar:/Users/timothyjeffcoat/.m2/repository/net/sf/saxon/saxon/8.9/saxon-8.9.jar:/Users/timothyjeffcoat/.m2/repository/org/apache/activemq/activeio-core/3.1.2/activeio-core-3.1.2.jar:/Users/timothyjeffcoat/.m2/repository/org/apache/activemq/activemq-core/5.5.1/activemq-core-5.5.1.jar:/Users/timothyjeffcoat/.m2/repository/org/apache/activemq/activemq-core/5.5.1/activemq-core-5.5.1.jar:/Users/timothyjeffcoat/.m2/repository/org/apache/activemq/kahadb/5.5.1/kahadb-5.5.1.jar:/Users/timothyjeffcoat/.m2/repository/org/apache/activemq/protobuf/activemq-protobuf/1.1/activemq-protobuf-1.1.jar:/Users/timothyjeffcoat/.m2/repository/org/apache/directory/server/apacheds-all/1.5.5/apacheds-all-1.5.5.jar:/Users/timothyjeffcoat/.m2/repository/org/apache/directory/server/apacheds-bootstrap-extract/1.5.5/apacheds-bootstrap-extract-1.5.5.jar:/Users/timothyjeffcoat/.m2/repository/org/apache/directory/server/apacheds-bootstrap-partition/1.5.5/apacheds-bootstrap-partition-1.5.5.jar:/Users/timothyjeffcoat/.m2/repository/org/apache/directory/server/apacheds-core/1.5.5/apacheds-core-1.5.5.jar:/Users/timothyjeffcoat/.m2/repository/org/apache/directory/server/apacheds-core-avl/1.5.5/apacheds-core-avl-1.5.5.jar:/Users/timothyjeffcoat/.m2/repository/org/apache/directory/server/apacheds-core-constants/1.5.5/apacheds-core-constants-1.5.5.jar:/Users/timothyjeffcoat/.m2/repository/org/apache/directory/server/apacheds-core-entry/1.5.5/apacheds-core-entry-1.5.5.jar:/Users/timothyjeffcoat/.m2/repository/org/apache/directory/server/apacheds-core-jndi/1.5.5/apacheds-core-jndi-1.5.5.jar:/Users/timothyjeffcoat/.m2/repository/org/apache/directory/server/apacheds-core-shared/1.5.5/apacheds-core-shared-1.5.5.jar:/Users/timothyjeffcoat/.m2/repository/org/apache/directory/server/apacheds-jdbm/1.5.5/apacheds-jdbm-1.5.5.jar:/Users/timothyjeffcoat/.m2/repository/org/apache/directory/server/apacheds-jdbm-store/1.5.5/apacheds-jdbm-store-1.5.5.jar:/Users/timothyjeffcoat/.m2/repository/org/apache/directory/server/apacheds-kerberos-shared/1.5.5/apacheds-kerberos-shared-1.5.5.jar:/Users/timothyjeffcoat/.m2/repository/org/apache/directory/server/apacheds-protocol-ldap/1.5.5/apacheds-protocol-ldap-1.5.5.jar:/Users/timothyjeffcoat/.m2/repository/org/apache/directory/server/apacheds-protocol-shared/1.5.5/apacheds-protocol-shared-1.5.5.jar:/Users/timothyjeffcoat/.m2/repository/org/apache/directory/server/apacheds-schema-bootstrap/1.5.5/apacheds-schema-bootstrap-1.5.5.jar:/Users/timothyjeffcoat/.m2/repository/org/apache/directory/server/apacheds-schema-extras/1.5.5/apacheds-schema-extras-1.5.5.jar:/Users/timothyjeffcoat/.m2/repository/org/apache/directory/server/apacheds-schema-registries/1.5.5/apacheds-schema-registries-1.5.5.jar:/Users/timothyjeffcoat/.m2/repository/org/apache/directory/server/apacheds-server-jndi/1.5.5/apacheds-server-jndi-1.5.5.jar:/Users/timothyjeffcoat/.m2/repository/org/apache/directory/server/apacheds-utils/1.5.5/apacheds-utils-1.5.5.jar:/Users/timothyjeffcoat/.m2/repository/org/apache/directory/server/apacheds-xdbm-base/1.5.5/apacheds-xdbm-base-1.5.5.jar:/Users/timothyjeffcoat/.m2/repository/org/apache/directory/server/apacheds-xdbm-search/1.5.5/apacheds-xdbm-search-1.5.5.jar:/Users/timothyjeffcoat/.m2/repository/org/apache/directory/server/apacheds-xdbm-tools/1.5.5/apacheds-xdbm-tools-1.5.5.jar:/Users/timothyjeffcoat/.m2/repository/org/apache/directory/shared/shared-asn1/0.9.15/shared-asn1-0.9.15.jar:/Users/timothyjeffcoat/.m2/repository/org/apache/directory/shared/shared-asn1-codec/0.9.15/shared-asn1-codec-0.9.15.jar:/Users/timothyjeffcoat/.m2/repository/org/apache/directory/shared/shared-cursor/0.9.15/shared-cursor-0.9.15.jar:/Users/timothyjeffcoat/.m2/repository/org/apache/directory/shared/shared-ldap/0.9.15/shared-ldap-0.9.15.jar:/Users/timothyjeffcoat/.m2/repository/org/apache/directory/shared/shared-ldap-constants/0.9.15/shared-ldap-constants-0.9.15.jar:/Users/timothyjeffcoat/.m2/repository/org/apache/geronimo/specs/geronimo-j2ee-management_1.1_spec/1.0.1/geronimo-j2ee-management_1.1_spec-1.0.1.jar:/Users/timothyjeffcoat/.m2/repository/org/apache/geronimo/specs/geronimo-jms_1.1_spec/1.1/geronimo-jms_1.1_spec-1.1.jar:/Users/timothyjeffcoat/.m2/repository/org/apache/geronimo/specs/geronimo-jms_1.1_spec/1.1/geronimo-jms_1.1_spec-1.1.jar:/Users/timothyjeffcoat/.m2/repository/org/apache/httpcomponents/httpclient/4.0.3/httpclient-4.0.3.jar:/Users/timothyjeffcoat/.m2/repository/org/apache/httpcomponents/httpcore/4.0.1/httpcore-4.0.1.jar:/Users/timothyjeffcoat/.m2/repository/org/apache/mina/mina-core/2.0.0-M6/mina-core-2.0.0-M6.jar:/Users/timothyjeffcoat/.m2/repository/org/apache/poi/poi/3.2-FINAL/poi-3.2-FINAL.jar:/Users/timothyjeffcoat/.m2/repository/org/apache/poi/poi/3.2-FINAL/poi-3.2-FINAL.jar:/Users/timothyjeffcoat/.m2/repository/org/apache/tiles/tiles-api/2.2.2/tiles-api-2.2.2.jar:/Users/timothyjeffcoat/.m2/repository/org/apache/tiles/tiles-core/2.2.2/tiles-core-2.2.2.jar:/Users/timothyjeffcoat/.m2/repository/org/apache/tiles/tiles-el/2.2.2/tiles-el-2.2.2.jar:/Users/timothyjeffcoat/.m2/repository/org/apache/tiles/tiles-jsp/2.2.2/tiles-jsp-2.2.2.jar:/Users/timothyjeffcoat/.m2/repository/org/apache/tiles/tiles-servlet/2.2.2/tiles-servlet-2.2.2.jar:/Users/timothyjeffcoat/.m2/repository/org/apache/tiles/tiles-template/2.2.2/tiles-template-2.2.2.jar:/Users/timothyjeffcoat/.m2/repository/org/apache/xalan/xalan/2.7.1/xalan-2.7.1.jar:/Users/timothyjeffcoat/.m2/repository/org/apache/xbean/xbean-spring/3.6/xbean-spring-3.6.jar:/Users/timothyjeffcoat/.m2/repository/org/apache/xbean/xbean-spring/3.6/xbean-spring-3.6.jar:/Users/timothyjeffcoat/.m2/repository/org/apache/xerces/xercesImpl/2.9.1/xercesImpl-2.9.1.jar:/Users/timothyjeffcoat/.m2/repository/org/apache/xerces/xml-apis/2.9.1/xml-apis-2.9.1.jar:/Users/timothyjeffcoat/.m2/repository/org/aspectj/aspectjrt/1.6.11.M1/aspectjrt-1.6.11.M1.jar:/Users/timothyjeffcoat/.m2/repository/org/aspectj/aspectjweaver/1.6.11.M1/aspectjweaver-1.6.11.M1.jar:/Users/timothyjeffcoat/.m2/repository/org/hibernate/hibernate-commons-annotations/3.2.0.Final/hibernate-commons-annotations-3.2.0.Final.jar:/Users/timothyjeffcoat/.m2/repository/org/hibernate/hibernate-core/3.6.0.Final/hibernate-core-3.6.0.Final.jar:/Users/timothyjeffcoat/.m2/repository/org/hibernate/hibernate-entitymanager/3.6.0.Final/hibernate-entitymanager-3.6.0.Final.jar:/Users/timothyjeffcoat/.m2/repository/org/hibernate/hibernate-validator/4.1.0.Final/hibernate-validator-4.1.0.Final.jar:/Users/timothyjeffcoat/.m2/repository/org/hibernate/javax/persistence/hibernate-jpa-2.0-api/1.0.0.Final/hibernate-jpa-2.0-api-1.0.0.Final.jar:/Users/timothyjeffcoat/.m2/repository/org/hsqldb/hsqldb/1.8.0.10/hsqldb-1.8.0.10.jar:/Users/timothyjeffcoat/.m2/repository/org/jasypt/jasypt/1.7/jasypt-1.7.jar:/Users/timothyjeffcoat/.m2/repository/org/osgi/org.osgi.core/4.1.0/org.osgi.core-4.1.0.jar:/Users/timothyjeffcoat/.m2/repository/org/slf4j/jcl-over-slf4j/1.5.6/jcl-over-slf4j-1.5.6.jar:/Users/timothyjeffcoat/.m2/repository/org/slf4j/slf4j-api/1.5.6/slf4j-api-1.5.6.jar:/Users/timothyjeffcoat/.m2/repository/org/slf4j/slf4j-log4j12/1.5.6/slf4j-log4j12-1.5.6.jar:/Users/timothyjeffcoat/.m2/repository/org/springframework/spring-aop/3.2.3.RELEASE/spring-aop-3.2.3.RELEASE.jar:/Users/timothyjeffcoat/.m2/repository/org/springframework/spring-aspects/3.2.3.RELEASE/spring-aspects-3.2.3.RELEASE.jar:/Users/timothyjeffcoat/.m2/repository/org/springframework/spring-beans/3.2.3.RELEASE/spring-beans-3.2.3.RELEASE.jar:/Users/timothyjeffcoat/.m2/repository/org/springframework/spring-beans/3.2.3.RELEASE/spring-beans-3.2.3.RELEASE.jar:/Users/timothyjeffcoat/.m2/repository/org/springframework/spring-context/3.2.3.RELEASE/spring-context-3.2.3.RELEASE.jar:/Users/timothyjeffcoat/.m2/repository/org/springframework/spring-context-support/3.2.3.RELEASE/spring-context-support-3.2.3.RELEASE.jar:/Users/timothyjeffcoat/.m2/repository/org/springframework/spring-core/3.2.3.RELEASE/spring-core-3.2.3.RELEASE.jar:/Users/timothyjeffcoat/.m2/repository/org/springframework/spring-expression/3.2.3.RELEASE/spring-expression-3.2.3.RELEASE.jar:/Users/timothyjeffcoat/.m2/repository/org/springframework/spring-jdbc/3.2.3.RELEASE/spring-jdbc-3.2.3.RELEASE.jar:/Users/timothyjeffcoat/.m2/repository/org/springframework/spring-jms/3.2.3.RELEASE/spring-jms-3.2.3.RELEASE.jar:/Users/timothyjeffcoat/.m2/repository/org/springframework/spring-jms/3.2.3.RELEASE/spring-jms-3.2.3.RELEASE.jar:/Users/timothyjeffcoat/.m2/repository/org/springframework/spring-orm/3.2.3.RELEASE/spring-orm-3.2.3.RELEASE.jar:/Users/timothyjeffcoat/.m2/repository/org/springframework/spring-test/3.2.3.RELEASE/spring-test-3.2.3.RELEASE.jar:/Users/timothyjeffcoat/.m2/repository/org/springframework/spring-tx/3.2.3.RELEASE/spring-tx-3.2.3.RELEASE.jar:/Users/timothyjeffcoat/.m2/repository/org/springframework/spring-web/3.2.3.RELEASE/spring-web-3.2.3.RELEASE.jar:/Users/timothyjeffcoat/.m2/repository/org/springframework/spring-webmvc/3.2.3.RELEASE/spring-webmvc-3.2.3.RELEASE.jar:/Users/timothyjeffcoat/.m2/repository/org/springframework/ldap/spring-ldap-core/1.3.0.RELEASE/spring-ldap-core-1.3.0.RELEASE.jar:/Users/timothyjeffcoat/.m2/repository/org/springframework/ldap/spring-ldap-core-tiger/1.3.0.RELEASE/spring-ldap-core-tiger-1.3.0.RELEASE.jar:/Users/timothyjeffcoat/.m2/repository/org/springframework/roo/org.springframework.roo.annotations/1.1.5.RELEASE/org.springframework.roo.annotations-1.1.5.RELEASE.jar:/Users/timothyjeffcoat/.m2/repository/org/springframework/roo/wrapping/org.springframework.roo.wrapping.inflector/0.7.0.0001/org.springframework.roo.wrapping.inflector-0.7.0.0001.jar:/Users/timothyjeffcoat/.m2/repository/org/springframework/security/spring-security-acl/3.1.0.RELEASE/spring-security-acl-3.1.0.RELEASE.jar:/Users/timothyjeffcoat/.m2/repository/org/springframework/security/spring-security-config/3.1.0.RELEASE/spring-security-config-3.1.0.RELEASE.jar:/Users/timothyjeffcoat/.m2/repository/org/springframework/security/spring-security-core/3.1.0.RELEASE/spring-security-core-3.1.0.RELEASE.jar:/Users/timothyjeffcoat/.m2/repository/org/springframework/security/spring-security-crypto/3.1.0.RELEASE/spring-security-crypto-3.1.0.RELEASE.jar:/Users/timothyjeffcoat/.m2/repository/org/springframework/security/spring-security-ldap/3.1.0.RELEASE/spring-security-ldap-3.1.0.RELEASE.jar:/Users/timothyjeffcoat/.m2/repository/org/springframework/security/spring-security-taglibs/3.1.0.RELEASE/spring-security-taglibs-3.1.0.RELEASE.jar:/Users/timothyjeffcoat/.m2/repository/org/springframework/security/spring-security-web/3.1.0.RELEASE/spring-security-web-3.1.0.RELEASE.jar:/Users/timothyjeffcoat/.m2/repository/org/springframework/webflow/spring-js-resources/2.2.1.RELEASE/spring-js-resources-2.2.1.RELEASE.jar:/Users/timothyjeffcoat/.m2/repository/paypal/base/5.2.4/base-5.2.4.jar:/Users/timothyjeffcoat/.m2/repository/postgresql/postgresql/8.4-701.jdbc4/postgresql-8.4-701.jdbc4.jar:/Users/timothyjeffcoat/.m2/repository/xml-apis/xml-apis/1.3.02/xml-apis-1.3.02.jar:/Users/timothyjeffcoat/.m2/repository/xpp3/xpp3/1.1.4c/xpp3-1.1.4c.jar:/Users/timothyjeffcoat/.m2/repository/xpp3/xpp3_min/1.1.3.4.O/xpp3_min-1.1.3.4.O.jar:/Users/timothyjeffcoat/schedulem_web_shop/target/classes
-aspectpath
/Users/timothyjeffcoat/.m2/repository/org/springframework/spring-aspects/3.2.3.RELEASE/spring-aspects-3.2.3.RELEASE.jar
-d
/Users/timothyjeffcoat/schedulem_web_shop/target/classes
/Users/timothyjeffcoat/schedulem_web_shop/src/main/java/com/scheduleem/shop/web/AddressesController_Roo_Controller_Json.aj
/Users/timothyjeffcoat/schedulem_web_shop/src/main/java/com/scheduleem/shop/domain/ClientGroup.java
/Users/timothyjeffcoat/schedulem_web_shop/src/main/java/com/scheduleem/shop/domain/Payments_Roo_Jasperoo.aj
/Users/timothyjeffcoat/schedulem_web_shop/src/main/java/com/scheduleem/shop/domain/Shop.java
/Users/timothyjeffcoat/schedulem_web_shop/src/main/java/com/scheduleem/shop/web/GCalNotificationHelper.java
/Users/timothyjeffcoat/schedulem_web_shop/src/main/java/com/scheduleem/shop/domain/CustomPrice_Roo_Configurable.aj
/Users/timothyjeffcoat/schedulem_web_shop/src/main/java/com/scheduleem/shop/domain/Addresses_Roo_Finder.aj
/Users/timothyjeffcoat/schedulem_web_shop/src/main/java/com/scheduleem/shop/domain/Audit_Roo_Json.aj
/Users/timothyjeffcoat/schedulem_web_shop/src/main/java/com/scheduleem/shop/web/ShopSettingsController.java
/Users/timothyjeffcoat/schedulem_web_shop/src/main/java/com/scheduleem/shop/domain/PaymentsType.java
/Users/timothyjeffcoat/schedulem_web_shop/src/main/java/com/scheduleem/shop/domain/Shop_Roo_Entity.aj
/Users/timothyjeffcoat/schedulem_web_shop/src/main/java/com/scheduleem/shop/domain/PaymentsService_Roo_ToString.aj
/Users/timothyjeffcoat/schedulem_web_shop/src/main/java/com/scheduleem/shop/domain/Shop_Roo_JavaBean.aj
/Users/timothyjeffcoat/schedulem_web_shop/src/main/java/com/scheduleem/shop/domain/StaffSchedule_Roo_Jasperoo.aj
/Users/timothyjeffcoat/schedulem_web_shop/src/main/java/hirondelle/date4j/DateTimeParser.java
/Users/timothyjeffcoat/schedulem_web_shop/src/main/java/com/scheduleem/shop/domain/Shop_Roo_Finder.aj
/Users/timothyjeffcoat/schedulem_web_shop/src/main/java/com/scheduleem/shop/web/PublicScheduleController.java
/Users/timothyjeffcoat/schedulem_web_shop/src/main/java/com/scheduleem/shop/domain/ClientGroup_Roo_JavaBean.aj
/Users/timothyjeffcoat/schedulem_web_shop/src/main/java/com/scheduleem/shop/domain/ShopSchedule_Roo_Jasperoo.aj
/Users/timothyjeffcoat/schedulem_web_shop/src/main/java/com/scheduleem/shop/domain/CustomPrice_Roo_Entity.aj
/Users/timothyjeffcoat/schedulem_web_shop/src/main/java/com/scheduleem/shop/form/SelectClientForm.java
/Users/timothyjeffcoat/schedulem_web_shop/src/main/java/com/scheduleem/shop/domain/AbstractPerson_Roo_JavaBean.aj
/Users/timothyjeffcoat/schedulem_web_shop/src/main/java/com/scheduleem/shop/domain/AbstractPerson_Roo_ToString.aj
/Users/timothyjeffcoat/schedulem_web_shop/src/main/java/com/scheduleem/shop/domain/GCal.java
/Users/timothyjeffcoat/schedulem_web_shop/src/main/java/com/scheduleem/shop/web/ScheduleController_Roo_Controller.aj
/Users/timothyjeffcoat/schedulem_web_shop/src/main/java/com/scheduleem/shop/domain/ClientGroup_Roo_Json.aj
/Users/timothyjeffcoat/schedulem_web_shop/src/main/java/com/scheduleem/shop/web/ForgotPwController.java
/Users/timothyjeffcoat/schedulem_web_shop/src/main/java/com/scheduleem/shop/messaging/JmsAppointmentsNotificationListQueueListener.java
/Users/timothyjeffcoat/schedulem_web_shop/src/main/java/com/scheduleem/shop/web/MyStaffController.java
/Users/timothyjeffcoat/schedulem_web_shop/src/main/java/com/scheduleem/shop/domain/GCal_Roo_ToString.aj
/Users/timothyjeffcoat/schedulem_web_shop/src/main/java/com/scheduleem/shop/domain/Shop_Roo_Configurable.aj
/Users/timothyjeffcoat/schedulem_web_shop/src/main/java/com/scheduleem/shop/domain/ShopSettings_Roo_Jasperoo.aj
/Users/timothyjeffcoat/schedulem_web_shop/src/main/java/com/scheduleem/shop/web/UsernameController.java
/Users/timothyjeffcoat/schedulem_web_shop/src/main/java/com/scheduleem/shop/web/ApplicationConversionServiceFactoryBean.java
/Users/timothyjeffcoat/schedulem_web_shop/src/main/java/com/scheduleem/shop/domain/AbstractPerson.java
/Users/timothyjeffcoat/schedulem_web_shop/src/main/java/com/scheduleem/shop/reference/ScheduleStatus.java
/Users/timothyjeffcoat/schedulem_web_shop/src/main/java/com/scheduleem/shop/domain/CustomPrice_Roo_Finder.aj
/Users/timothyjeffcoat/schedulem_web_shop/src/main/java/com/scheduleem/shop/domain/Addresses_Roo_ToString.aj
/Users/timothyjeffcoat/schedulem_web_shop/src/main/java/com/scheduleem/shop/domain/Staff.java
/Users/timothyjeffcoat/schedulem_web_shop/src/main/java/com/scheduleem/shop/domain/StaffSchedule_Roo_Json.aj
/Users/timothyjeffcoat/schedulem_web_shop/src/main/java/com/scheduleem/shop/web/AddressesController_Roo_Controller_Finder.aj
/Users/timothyjeffcoat/schedulem_web_shop/src/main/java/com/scheduleem/shop/web/ScheduleController_Roo_Controller_Json.aj
/Users/timothyjeffcoat/schedulem_web_shop/src/main/java/com/scheduleem/shop/web/StaffScheduleController_Roo_Controller.aj
/Users/timothyjeffcoat/schedulem_web_shop/src/main/java/com/scheduleem/shop/web/BaseServiceController.java
/Users/timothyjeffcoat/schedulem_web_shop/src/main/java/com/scheduleem/shop/web/AppointmentController_Roo_Controller.aj
/Users/timothyjeffcoat/schedulem_web_shop/src/main/java/com/scheduleem/shop/domain/AbstractPerson_Roo_Json.aj
/Users/timothyjeffcoat/schedulem_web_shop/src/main/java/com/scheduleem/shop/web/StaffScheduleController_Roo_Controller_Finder.aj
/Users/timothyjeffcoat/schedulem_web_shop/src/main/java/com/scheduleem/shop/domain/AbstractSchedule_Roo_Configurable.aj
/Users/timothyjeffcoat/schedulem_web_shop/src/main/java/com/scheduleem/shop/web/LoginController.java
/Users/timothyjeffcoat/schedulem_web_shop/src/main/java/com/scheduleem/shop/web/ShopController_Roo_Controller.aj
/Users/timothyjeffcoat/schedulem_web_shop/src/main/java/com/scheduleem/shop/domain/AbstractService.java
/Users/timothyjeffcoat/schedulem_web_shop/src/main/java/com/scheduleem/shop/web/AuditController.java
/Users/timothyjeffcoat/schedulem_web_shop/src/main/java/com/scheduleem/shop/web/ServiceGroupController_Roo_Controller.aj
/Users/timothyjeffcoat/schedulem_web_shop/src/main/java/com/scheduleem/shop/domain/ShopSchedule.java
/Users/timothyjeffcoat/schedulem_web_shop/src/main/java/com/scheduleem/shop/web/PaymentsTypeController.java
/Users/timothyjeffcoat/schedulem_web_shop/src/main/java/com/scheduleem/shop/web/SettingsController.java
/Users/timothyjeffcoat/schedulem_web_shop/src/main/java/com/scheduleem/shop/domain/Clients_Roo_Json.aj
/Users/timothyjeffcoat/schedulem_web_shop/src/main/java/com/scheduleem/shop/reference/CommType.java
/Users/timothyjeffcoat/schedulem_web_shop/src/main/java/com/scheduleem/shop/domain/Addresses_Roo_Json.aj
/Users/timothyjeffcoat/schedulem_web_shop/src/main/java/com/scheduleem/shop/domain/Schedule.java
/Users/timothyjeffcoat/schedulem_web_shop/src/main/java/com/scheduleem/shop/domain/Clients_Roo_Jasperoo.aj
/Users/timothyjeffcoat/schedulem_web_shop/src/main/java/com/scheduleem/shop/domain/Payments_Roo_Entity.aj
/Users/timothyjeffcoat/schedulem_web_shop/src/main/java/com/scheduleem/shop/domain/GCal_Roo_Entity.aj
/Users/timothyjeffcoat/schedulem_web_shop/src/main/java/com/scheduleem/shop/domain/AbstractSchedule_Roo_Entity.aj
/Users/timothyjeffcoat/schedulem_web_shop/src/main/java/com/scheduleem/shop/domain/PublicSchedule_Roo_ToString.aj
/Users/timothyjeffcoat/schedulem_web_shop/src/main/java/com/scheduleem/shop/domain/PersonDaoImpl.java
/Users/timothyjeffcoat/schedulem_web_shop/src/main/java/com/scheduleem/shop/domain/ClientGroup_Roo_Configurable.aj
/Users/timothyjeffcoat/schedulem_web_shop/src/main/java/com/scheduleem/shop/web/PaymentsTypeController_Roo_Controller_Json.aj
/Users/timothyjeffcoat/schedulem_web_shop/src/main/java/com/scheduleem/shop/domain/ShopSettings_Roo_Entity.aj
/Users/timothyjeffcoat/schedulem_web_shop/src/main/java/com/scheduleem/shop/web/ShopScheduleController_Roo_Controller.aj
/Users/timothyjeffcoat/schedulem_web_shop/src/main/java/com/scheduleem/shop/task/Processor.java
/Users/timothyjeffcoat/schedulem_web_shop/src/main/java/com/scheduleem/shop/domain/Shop_Roo_Jasperoo.aj
/Users/timothyjeffcoat/schedulem_web_shop/src/main/java/com/scheduleem/shop/domain/AbstractSchedule_Roo_Json.aj
/Users/timothyjeffcoat/schedulem_web_shop/src/main/java/com/scheduleem/shop/domain/PaymentsType_Roo_ToString.aj
/Users/timothyjeffcoat/schedulem_web_shop/src/main/java/com/scheduleem/shop/web/StaffController_Roo_Controller_Finder.aj
/Users/timothyjeffcoat/schedulem_web_shop/src/main/java/com/scheduleem/shop/messaging/JmsGeneralNotificationListQueueListener.java
/Users/timothyjeffcoat/schedulem_web_shop/src/main/java/com/scheduleem/shop/form/GCalForm.java
/Users/timothyjeffcoat/schedulem_web_shop/src/main/java/com/scheduleem/shop/web/ScheduleController.java
/Users/timothyjeffcoat/schedulem_web_shop/src/main/java/com/scheduleem/shop/web/BaseServiceController_Roo_Controller_Json.aj
/Users/timothyjeffcoat/schedulem_web_shop/src/main/java/com/scheduleem/shop/web/AppointmentController_Roo_Controller_Finder.aj
/Users/timothyjeffcoat/schedulem_web_shop/src/main/java/com/scheduleem/shop/web/EmailController_Roo_Controller.aj
/Users/timothyjeffcoat/schedulem_web_shop/src/main/java/com/scheduleem/shop/domain/Registration_Roo_JavaBean.aj
/Users/timothyjeffcoat/schedulem_web_shop/src/main/java/com/scheduleem/shop/domain/AbstractGroup.java
/Users/timothyjeffcoat/schedulem_web_shop/src/main/java/com/scheduleem/shop/domain/ShopSettings_Roo_JavaBean.aj
/Users/timothyjeffcoat/schedulem_web_shop/src/main/java/com/scheduleem/shop/domain/Clients_Roo_Entity.aj
/Users/timothyjeffcoat/schedulem_web_shop/src/main/java/com/scheduleem/shop/domain/ShopSettings_Roo_Finder.aj
/Users/timothyjeffcoat/schedulem_web_shop/src/main/java/com/scheduleem/shop/domain/Schedule_Roo_ToString.aj
/Users/timothyjeffcoat/schedulem_web_shop/src/main/java/com/scheduleem/shop/domain/AbstractService_Roo_Configurable.aj
/Users/timothyjeffcoat/schedulem_web_shop/src/main/java/com/scheduleem/shop/web/RegistrationNotificationHelper.java
/Users/timothyjeffcoat/schedulem_web_shop/src/main/java/com/scheduleem/shop/domain/PaymentsType_Roo_Json.aj
/Users/timothyjeffcoat/schedulem_web_shop/src/main/java/com/scheduleem/shop/form/EmailAddressValidator.java
/Users/timothyjeffcoat/schedulem_web_shop/src/main/java/com/scheduleem/shop/web/ReportsController_Roo_Controller.aj
/Users/timothyjeffcoat/schedulem_web_shop/src/main/java/com/scheduleem/shop/domain/AbstractSchedule_Roo_JavaBean.aj
/Users/timothyjeffcoat/schedulem_web_shop/src/main/java/com/scheduleem/shop/domain/Staff_Roo_Finder.aj
/Users/timothyjeffcoat/schedulem_web_shop/src/main/java/com/scheduleem/shop/domain/StaffSchedule_Roo_Finder.aj
/Users/timothyjeffcoat/schedulem_web_shop/src/main/java/com/scheduleem/shop/domain/ServiceGroup_Roo_Configurable.aj
/Users/timothyjeffcoat/schedulem_web_shop/src/main/java/com/scheduleem/shop/domain/Shop_Roo_Json.aj
/Users/timothyjeffcoat/schedulem_web_shop/src/main/java/com/scheduleem/shop/domain/CustomService_Roo_Finder.aj
/Users/timothyjeffcoat/schedulem_web_shop/src/main/java/com/scheduleem/shop/domain/AbstractGroup_Roo_Configurable.aj
/Users/timothyjeffcoat/schedulem_web_shop/src/main/java/com/scheduleem/shop/domain/PaymentsType_Roo_JavaBean.aj
/Users/timothyjeffcoat/schedulem_web_shop/src/main/java/com/scheduleem/shop/web/ApplicationConversionServiceFactoryBean_Roo_ConversionService.aj
/Users/timothyjeffcoat/schedulem_web_shop/src/main/java/com/scheduleem/shop/form/GcalAppointmentNotification.java
/Users/timothyjeffcoat/schedulem_web_shop/src/main/java/com/scheduleem/shop/domain/Communications_Roo_Finder.aj
/Users/timothyjeffcoat/schedulem_web_shop/src/main/java/com/scheduleem/shop/form/DateRangeForm.java
/Users/timothyjeffcoat/schedulem_web_shop/src/main/java/com/scheduleem/shop/web/StaffScheduleController_Roo_Controller_Json.aj
/Users/timothyjeffcoat/schedulem_web_shop/src/main/java/com/scheduleem/shop/domain/ServiceGroup.java
/Users/timothyjeffcoat/schedulem_web_shop/src/main/java/com/scheduleem/shop/web/AppointmentController.java
/Users/timothyjeffcoat/schedulem_web_shop/src/main/java/com/scheduleem/shop/form/CategoryServiceForm.java
/Users/timothyjeffcoat/schedulem_web_shop/src/main/java/com/scheduleem/shop/domain/CustomPrice.java
/Users/timothyjeffcoat/schedulem_web_shop/src/main/java/com/scheduleem/shop/domain/BaseService_Roo_Finder.aj
/Users/timothyjeffcoat/schedulem_web_shop/src/main/java/com/scheduleem/shop/domain/AbstractGroup_Roo_JavaBean.aj
/Users/timothyjeffcoat/schedulem_web_shop/src/main/java/com/scheduleem/shop/web/MyScheduleController.java
/Users/timothyjeffcoat/schedulem_web_shop/src/main/java/com/scheduleem/shop/domain/CustomPrice_Roo_JavaBean.aj
/Users/timothyjeffcoat/schedulem_web_shop/src/main/java/hirondelle/date4j/DateTimeFormatter.java
/Users/timothyjeffcoat/schedulem_web_shop/src/main/java/com/scheduleem/shop/domain/Audit_Roo_JavaBean.aj
/Users/timothyjeffcoat/schedulem_web_shop/src/main/java/com/scheduleem/shop/domain/GCal_Roo_Finder.aj
/Users/timothyjeffcoat/schedulem_web_shop/src/main/java/com/scheduleem/shop/domain/Staff_Roo_Json.aj
/Users/timothyjeffcoat/schedulem_web_shop/src/main/java/com/scheduleem/shop/web/PublicShopForgotPwController.java
/Users/timothyjeffcoat/schedulem_web_shop/src/main/java/com/scheduleem/shop/domain/Email_Roo_Entity.aj
/Users/timothyjeffcoat/schedulem_web_shop/src/main/java/com/scheduleem/shop/domain/ShopSettings_Roo_ToString.aj
/Users/timothyjeffcoat/schedulem_web_shop/src/main/java/com/scheduleem/shop/web/CommunicationsController_Roo_Controller.aj
/Users/timothyjeffcoat/schedulem_web_shop/src/main/java/com/scheduleem/shop/domain/ShopSchedule_Roo_Configurable.aj
/Users/timothyjeffcoat/schedulem_web_shop/src/main/java/com/scheduleem/shop/domain/CustomService_Roo_Json.aj
/Users/timothyjeffcoat/schedulem_web_shop/src/main/java/com/scheduleem/shop/domain/ClientGroup_Roo_ToString.aj
/Users/timothyjeffcoat/schedulem_web_shop/src/main/java/com/scheduleem/shop/web/ClientGroupController.java
/Users/timothyjeffcoat/schedulem_web_shop/src/main/java/com/scheduleem/shop/domain/Communications_Roo_Configurable.aj
/Users/timothyjeffcoat/schedulem_web_shop/src/main/java/com/scheduleem/shop/web/ScheduleController_Roo_Controller_Finder.aj
/Users/timothyjeffcoat/schedulem_web_shop/src/main/java/com/scheduleem/shop/reference/ClientDisplay.java
/Users/timothyjeffcoat/schedulem_web_shop/src/main/java/com/scheduleem/shop/domain/Staff_Roo_Entity.aj
/Users/timothyjeffcoat/schedulem_web_shop/src/main/java/com/scheduleem/shop/domain/CustomService_Roo_Entity.aj
/Users/timothyjeffcoat/schedulem_web_shop/src/main/java/com/scheduleem/shop/domain/PaymentsType_Roo_Entity.aj
/Users/timothyjeffcoat/schedulem_web_shop/src/main/java/com/scheduleem/shop/domain/Schedule_Roo_Configurable.aj
/Users/timothyjeffcoat/schedulem_web_shop/src/main/java/com/scheduleem/shop/domain/Schedule_Roo_Entity.aj
/Users/timothyjeffcoat/schedulem_web_shop/src/main/java/com/scheduleem/shop/domain/Appointment_Roo_Entity.aj
/Users/timothyjeffcoat/schedulem_web_shop/src/main/java/com/scheduleem/shop/web/SignupController.java
/Users/timothyjeffcoat/schedulem_web_shop/src/main/java/com/scheduleem/shop/domain/StaffSchedule_Roo_Entity.aj
/Users/timothyjeffcoat/schedulem_web_shop/src/main/java/com/scheduleem/shop/form/ServiceForm.java
/Users/timothyjeffcoat/schedulem_web_shop/src/main/java/com/scheduleem/shop/domain/Reports_Roo_JavaBean.aj
/Users/timothyjeffcoat/schedulem_web_shop/src/main/java/com/scheduleem/shop/messaging/JmsRegistrationNotificationListQueueListener.java
/Users/timothyjeffcoat/schedulem_web_shop/src/main/java/com/scheduleem/shop/web/ShopController_Roo_Controller_Finder.aj
/Users/timothyjeffcoat/schedulem_web_shop/src/main/java/com/scheduleem/shop/web/ResetPwController.java
/Users/timothyjeffcoat/schedulem_web_shop/src/main/java/com/scheduleem/shop/form/FullClientForm.java
/Users/timothyjeffcoat/schedulem_web_shop/src/main/java/com/scheduleem/shop/domain/BaseService_Roo_Json.aj
/Users/timothyjeffcoat/schedulem_web_shop/src/main/java/com/scheduleem/shop/domain/PaymentsService.java
/Users/timothyjeffcoat/schedulem_web_shop/src/main/java/com/scheduleem/shop/domain/BaseService_Roo_Entity.aj
/Users/timothyjeffcoat/schedulem_web_shop/src/main/java/com/scheduleem/shop/domain/Registration_Roo_ToString.aj
/Users/timothyjeffcoat/schedulem_web_shop/src/main/java/com/scheduleem/shop/domain/Reports_Roo_Entity.aj
/Users/timothyjeffcoat/schedulem_web_shop/src/main/java/com/scheduleem/shop/domain/ShopSettings_Roo_Json.aj
/Users/timothyjeffcoat/schedulem_web_shop/src/main/java/com/scheduleem/shop/web/BaseServiceController_Roo_Controller.aj
/Users/timothyjeffcoat/schedulem_web_shop/src/main/java/com/scheduleem/shop/web/AppointmentController_Roo_Controller_Json.aj
/Users/timothyjeffcoat/schedulem_web_shop/src/main/java/com/scheduleem/shop/web/PaymentsController.java
/Users/timothyjeffcoat/schedulem_web_shop/src/main/java/com/scheduleem/shop/web/RecoveryController.java
/Users/timothyjeffcoat/schedulem_web_shop/src/main/java/com/scheduleem/shop/domain/ServiceGroup_Roo_JavaBean.aj
/Users/timothyjeffcoat/schedulem_web_shop/src/main/java/com/scheduleem/shop/domain/ShopSettings_Roo_Configurable.aj
/Users/timothyjeffcoat/schedulem_web_shop/src/main/java/com/scheduleem/shop/domain/AbstractPerson_Roo_Entity.aj
/Users/timothyjeffcoat/schedulem_web_shop/src/main/java/com/scheduleem/shop/domain/Reports_Roo_ToString.aj
/Users/timothyjeffcoat/schedulem_web_shop/src/main/java/com/scheduleem/shop/web/ClientsController.java
/Users/timothyjeffcoat/schedulem_web_shop/src/main/java/com/scheduleem/shop/domain/Communications_Roo_Json.aj
/Users/timothyjeffcoat/schedulem_web_shop/src/main/java/com/scheduleem/shop/domain/Addresses_Roo_Configurable.aj
/Users/timothyjeffcoat/schedulem_web_shop/src/main/java/com/scheduleem/shop/domain/AbstractGroup_Roo_ToString.aj
/Users/timothyjeffcoat/schedulem_web_shop/src/main/java/com/scheduleem/shop/domain/PublicSchedule_Roo_Json.aj
/Users/timothyjeffcoat/schedulem_web_shop/src/main/java/com/scheduleem/shop/web/ShopController_Roo_Controller_Json.aj
/Users/timothyjeffcoat/schedulem_web_shop/src/main/java/com/scheduleem/shop/domain/Registration_Roo_Entity.aj
/Users/timothyjeffcoat/schedulem_web_shop/src/main/java/com/scheduleem/shop/web/ServiceGroupController_Roo_Controller_Json.aj
/Users/timothyjeffcoat/schedulem_web_shop/src/main/java/com/scheduleem/shop/web/CustomServiceController_Roo_Controller.aj
/Users/timothyjeffcoat/schedulem_web_shop/src/main/java/com/scheduleem/shop/domain/AppointmentUpdate.java
/Users/timothyjeffcoat/schedulem_web_shop/src/main/java/com/scheduleem/shop/web/PublicShopRegisterController.java
/Users/timothyjeffcoat/schedulem_web_shop/src/main/java/com/scheduleem/shop/domain/Audit_Roo_Configurable.aj
/Users/timothyjeffcoat/schedulem_web_shop/src/main/java/com/scheduleem/shop/domain/ShopSchedule_Roo_Json.aj
/Users/timothyjeffcoat/schedulem_web_shop/src/main/java/com/scheduleem/shop/domain/Addresses.java
/Users/timothyjeffcoat/schedulem_web_shop/src/main/java/com/scheduleem/shop/domain/AbstractGroup_Roo_Entity.aj
/Users/timothyjeffcoat/schedulem_web_shop/src/main/java/com/scheduleem/shop/domain/Appointment_Roo_ToString.aj
/Users/timothyjeffcoat/schedulem_web_shop/src/main/java/com/scheduleem/shop/domain/ShopSchedule_Roo_Entity.aj
/Users/timothyjeffcoat/schedulem_web_shop/src/main/java/com/scheduleem/shop/web/PaymentsController_Roo_Controller.aj
/Users/timothyjeffcoat/schedulem_web_shop/src/main/java/com/scheduleem/shop/domain/PersonDao.java
/Users/timothyjeffcoat/schedulem_web_shop/src/main/java/com/scheduleem/shop/domain/AbstractService_Roo_Json.aj
/Users/timothyjeffcoat/schedulem_web_shop/src/main/java/com/scheduleem/shop/domain/ShopSchedule_Roo_ToString.aj
/Users/timothyjeffcoat/schedulem_web_shop/src/main/java/com/scheduleem/shop/domain/AbstractSchedule_Roo_ToString.aj
/Users/timothyjeffcoat/schedulem_web_shop/src/main/java/com/scheduleem/shop/web/ReportController.java
/Users/timothyjeffcoat/schedulem_web_shop/src/main/java/com/scheduleem/shop/domain/AbstractSchedule.java
/Users/timothyjeffcoat/schedulem_web_shop/src/main/java/com/scheduleem/shop/web/PublicScheduleController_Roo_Controller_Json.aj
/Users/timothyjeffcoat/schedulem_web_shop/src/main/java/com/scheduleem/shop/messaging/JmsGCalNotificationListQueueListener.java
/Users/timothyjeffcoat/schedulem_web_shop/src/main/java/com/scheduleem/shop/form/RegisterForm.java
/Users/timothyjeffcoat/schedulem_web_shop/src/main/java/com/scheduleem/shop/domain/PublicSchedule_Roo_Configurable.aj
/Users/timothyjeffcoat/schedulem_web_shop/src/main/java/com/scheduleem/shop/domain/StaffSchedule_Roo_ToString.aj
/Users/timothyjeffcoat/schedulem_web_shop/src/main/java/com/scheduleem/shop/web/CustomServiceController.java
/Users/timothyjeffcoat/schedulem_web_shop/src/main/java/com/scheduleem/shop/form/UserPreference.java
/Users/timothyjeffcoat/schedulem_web_shop/src/main/java/com/scheduleem/shop/domain/Communications_Roo_Entity.aj
/Users/timothyjeffcoat/schedulem_web_shop/src/main/java/com/scheduleem/shop/web/BaseServiceController_Roo_Controller_Finder.aj
/Users/timothyjeffcoat/schedulem_web_shop/src/main/java/com/scheduleem/shop/domain/CustomService_Roo_Configurable.aj
/Users/timothyjeffcoat/schedulem_web_shop/src/main/java/com/scheduleem/shop/web/PublicScheduleController_Roo_Controller.aj
/Users/timothyjeffcoat/schedulem_web_shop/src/main/java/com/scheduleem/shop/domain/Appointment_Roo_JavaBean.aj
/Users/timothyjeffcoat/schedulem_web_shop/src/main/java/com/scheduleem/shop/domain/Audit_Roo_Finder.aj
/Users/timothyjeffcoat/schedulem_web_shop/src/main/java/com/scheduleem/shop/domain/Reports.java
/Users/timothyjeffcoat/schedulem_web_shop/src/main/java/com/scheduleem/shop/domain/StaffSchedule_Roo_Configurable.aj
/Users/timothyjeffcoat/schedulem_web_shop/src/main/java/com/scheduleem/shop/domain/ShopSchedule_Roo_Finder.aj
/Users/timothyjeffcoat/schedulem_web_shop/src/main/java/com/scheduleem/shop/domain/Payments.java
/Users/timothyjeffcoat/schedulem_web_shop/src/main/java/com/scheduleem/shop/web/CommunicationsController.java
/Users/timothyjeffcoat/schedulem_web_shop/src/main/java/com/scheduleem/shop/domain/Addresses_Roo_JavaBean.aj
/Users/timothyjeffcoat/schedulem_web_shop/src/main/java/com/scheduleem/shop/web/StaffController_Roo_Controller_Json.aj
/Users/timothyjeffcoat/schedulem_web_shop/src/main/java/com/scheduleem/shop/domain/Email_Roo_Json.aj
/Users/timothyjeffcoat/schedulem_web_shop/src/main/java/com/scheduleem/shop/web/ReportsController.java
/Users/timothyjeffcoat/schedulem_web_shop/src/main/java/com/scheduleem/shop/reference/DateRange.java
/Users/timothyjeffcoat/schedulem_web_shop/src/main/java/com/scheduleem/shop/domain/ServiceGroup_Roo_Entity.aj
/Users/timothyjeffcoat/schedulem_web_shop/src/main/java/com/scheduleem/shop/domain/ServiceGroup_Roo_Jasperoo.aj
/Users/timothyjeffcoat/schedulem_web_shop/src/main/java/com/scheduleem/shop/web/ClientsController_Roo_Controller.aj
/Users/timothyjeffcoat/schedulem_web_shop/src/main/java/com/scheduleem/shop/domain/Appointment_Roo_Json.aj
/Users/timothyjeffcoat/schedulem_web_shop/src/main/java/com/scheduleem/shop/domain/Payments_Roo_Finder.aj
/Users/timothyjeffcoat/schedulem_web_shop/src/main/java/com/scheduleem/shop/web/GeneralNotificationHelper.java
/Users/timothyjeffcoat/schedulem_web_shop/src/main/java/com/scheduleem/shop/web/ShopScheduleController_Roo_Controller_Json.aj
/Users/timothyjeffcoat/schedulem_web_shop/src/main/java/com/scheduleem/shop/web/CustomServiceController_Roo_Controller_Json.aj
/Users/timothyjeffcoat/schedulem_web_shop/src/main/java/com/scheduleem/shop/web/CommunicationsController_Roo_Controller_Json.aj
/Users/timothyjeffcoat/schedulem_web_shop/src/main/java/com/scheduleem/shop/web/PaymentsTypeController_Roo_Controller.aj
/Users/timothyjeffcoat/schedulem_web_shop/src/main/java/hirondelle/date4j/Util.java
/Users/timothyjeffcoat/schedulem_web_shop/src/main/java/com/scheduleem/shop/domain/AbstractService_Roo_Entity.aj
/Users/timothyjeffcoat/schedulem_web_shop/src/main/java/com/scheduleem/shop/web/ClientsController_Roo_Controller_Finder.aj
/Users/timothyjeffcoat/schedulem_web_shop/src/main/java/com/scheduleem/shop/domain/Registration_Roo_Configurable.aj
/Users/timothyjeffcoat/schedulem_web_shop/src/main/java/com/scheduleem/shop/web/ShopController.java
/Users/timothyjeffcoat/schedulem_web_shop/src/main/java/com/scheduleem/shop/domain/Audit_Roo_ToString.aj
/Users/timothyjeffcoat/schedulem_web_shop/src/main/java/com/scheduleem/shop/domain/AppointmentDeep.java
/Users/timothyjeffcoat/schedulem_web_shop/src/main/java/hirondelle/date4j/ModelUtil.java
/Users/timothyjeffcoat/schedulem_web_shop/src/main/java/com/scheduleem/shop/domain/Email_Roo_ToString.aj
/Users/timothyjeffcoat/schedulem_web_shop/src/main/java/com/scheduleem/shop/domain/BaseService_Roo_Configurable.aj
/Users/timothyjeffcoat/schedulem_web_shop/src/main/java/com/scheduleem/shop/domain/Communications.java
/Users/timothyjeffcoat/schedulem_web_shop/src/main/java/com/scheduleem/shop/web/CustomServiceController_Roo_Controller_Finder.aj
/Users/timothyjeffcoat/schedulem_web_shop/src/main/java/com/scheduleem/shop/web/ClientGroupController_Roo_Controller_Finder.aj
/Users/timothyjeffcoat/schedulem_web_shop/src/main/java/com/scheduleem/shop/domain/Payments_Roo_Json.aj
/Users/timothyjeffcoat/schedulem_web_shop/src/main/java/com/scheduleem/shop/domain/PublicSchedule.java
/Users/timothyjeffcoat/schedulem_web_shop/src/main/java/com/scheduleem/shop/web/ServicesController.java
/Users/timothyjeffcoat/schedulem_web_shop/src/main/java/com/scheduleem/shop/web/StaffController.java
/Users/timothyjeffcoat/schedulem_web_shop/src/main/java/com/scheduleem/shop/reference/PaymentTypes.java
/Users/timothyjeffcoat/schedulem_web_shop/src/main/java/com/scheduleem/shop/domain/Payments_Roo_ToString.aj
/Users/timothyjeffcoat/schedulem_web_shop/src/main/java/com/scheduleem/shop/domain/Email_Roo_JavaBean.aj
/Users/timothyjeffcoat/schedulem_web_shop/src/main/java/com/scheduleem/shop/domain/Settings.java
/Users/timothyjeffcoat/schedulem_web_shop/src/main/java/com/scheduleem/shop/web/PublicShopRecoverUsernameController.java
/Users/timothyjeffcoat/schedulem_web_shop/src/main/java/com/scheduleem/shop/domain/Appointment.java
/Users/timothyjeffcoat/schedulem_web_shop/src/main/java/com/scheduleem/shop/domain/Email.java
/Users/timothyjeffcoat/schedulem_web_shop/src/main/java/com/scheduleem/shop/domain/ShopSettings.java
/Users/timothyjeffcoat/schedulem_web_shop/src/main/java/com/scheduleem/shop/domain/Addresses_Roo_Entity.aj
/Users/timothyjeffcoat/schedulem_web_shop/src/main/java/com/scheduleem/shop/domain/PaymentsService_Roo_JavaBean.aj
/Users/timothyjeffcoat/schedulem_web_shop/src/main/java/com/scheduleem/shop/domain/ServiceGroup_Roo_Json.aj
/Users/timothyjeffcoat/schedulem_web_shop/src/main/java/com/scheduleem/shop/domain/StaffSchedule.java
/Users/timothyjeffcoat/schedulem_web_shop/src/main/java/com/scheduleem/shop/web/StaffController_Roo_Controller.aj
/Users/timothyjeffcoat/schedulem_web_shop/src/main/java/hirondelle/date4j/DateTime.java
/Users/timothyjeffcoat/schedulem_web_shop/src/main/java/com/scheduleem/shop/web/ShopSettingsController_Roo_Controller_Json.aj
/Users/timothyjeffcoat/schedulem_web_shop/src/main/java/com/scheduleem/shop/domain/ClientGroup_Roo_Entity.aj
/Users/timothyjeffcoat/schedulem_web_shop/src/main/java/com/scheduleem/shop/domain/AbstractGroup_Roo_Json.aj
/Users/timothyjeffcoat/schedulem_web_shop/src/main/java/com/scheduleem/shop/web/ShopScheduleController_Roo_Controller_Finder.aj
/Users/timothyjeffcoat/schedulem_web_shop/src/main/java/com/scheduleem/shop/web/ClientGroupController_Roo_Controller.aj
/Users/timothyjeffcoat/schedulem_web_shop/src/main/java/com/scheduleem/shop/domain/Schedule_Roo_Finder.aj
/Users/timothyjeffcoat/schedulem_web_shop/src/main/java/com/scheduleem/shop/domain/Registration.java
/Users/timothyjeffcoat/schedulem_web_shop/src/main/java/com/scheduleem/shop/domain/PaymentsType_Roo_Configurable.aj
/Users/timothyjeffcoat/schedulem_web_shop/src/main/java/com/scheduleem/shop/domain/ServiceGroup_Roo_Finder.aj
/Users/timothyjeffcoat/schedulem_web_shop/src/main/java/com/scheduleem/shop/domain/Communications_Roo_JavaBean.aj
/Users/timothyjeffcoat/schedulem_web_shop/src/main/java/hirondelle/date4j/DateTimeInterval.java
/Users/timothyjeffcoat/schedulem_web_shop/src/main/java/com/scheduleem/shop/domain/PublicSchedule_Roo_Entity.aj
/Users/timothyjeffcoat/schedulem_web_shop/src/main/java/com/scheduleem/shop/web/ClientsController_Roo_Controller_Json.aj
/Users/timothyjeffcoat/schedulem_web_shop/src/main/java/com/scheduleem/shop/domain/Appointment_Roo_Configurable.aj
/Users/timothyjeffcoat/schedulem_web_shop/src/main/java/com/scheduleem/shop/domain/CustomPrice_Roo_ToString.aj
/Users/timothyjeffcoat/schedulem_web_shop/src/main/java/com/scheduleem/shop/domain/Reports_Roo_Configurable.aj
/Users/timothyjeffcoat/schedulem_web_shop/src/main/java/com/scheduleem/shop/web/PaymentsController_Roo_Controller_Finder.aj
/Users/timothyjeffcoat/schedulem_web_shop/src/main/java/com/scheduleem/shop/domain/Payments_Roo_JavaBean.aj
/Users/timothyjeffcoat/schedulem_web_shop/src/main/java/hirondelle/date4j/Examples.java
/Users/timothyjeffcoat/schedulem_web_shop/src/main/java/com/scheduleem/shop/form/ApptSvcJson.java
/Users/timothyjeffcoat/schedulem_web_shop/src/main/java/com/scheduleem/shop/domain/AbstractService_Roo_JavaBean.aj
/Users/timothyjeffcoat/schedulem_web_shop/src/main/java/com/scheduleem/shop/domain/CustomService.java
/Users/timothyjeffcoat/schedulem_web_shop/src/main/java/com/scheduleem/shop/domain/Payments_Roo_Configurable.aj
/Users/timothyjeffcoat/schedulem_web_shop/src/main/java/com/scheduleem/shop/form/AddAppointmentForm.java
/Users/timothyjeffcoat/schedulem_web_shop/src/main/java/com/scheduleem/shop/form/AppointmentNotification.java
/Users/timothyjeffcoat/schedulem_web_shop/src/main/java/com/scheduleem/shop/domain/Clients_Roo_Finder.aj
/Users/timothyjeffcoat/schedulem_web_shop/src/main/java/com/scheduleem/shop/domain/Person.java
/Users/timothyjeffcoat/schedulem_web_shop/src/main/java/com/scheduleem/shop/web/PaymentsController_Roo_Controller_Json.aj
/Users/timothyjeffcoat/schedulem_web_shop/src/main/java/com/scheduleem/shop/web/ClientGroupController_Roo_Controller_Json.aj
/Users/timothyjeffcoat/schedulem_web_shop/src/main/java/com/scheduleem/shop/domain/GCal_Roo_JavaBean.aj
/Users/timothyjeffcoat/schedulem_web_shop/src/main/java/com/scheduleem/shop/domain/CustomService_Roo_JavaBean.aj
/Users/timothyjeffcoat/schedulem_web_shop/src/main/java/com/scheduleem/shop/web/AddressesController.java
/Users/timothyjeffcoat/schedulem_web_shop/src/main/java/com/scheduleem/shop/web/IndexController.java
/Users/timothyjeffcoat/schedulem_web_shop/src/main/java/com/scheduleem/shop/domain/Schedule_Roo_Jasperoo.aj
/Users/timothyjeffcoat/schedulem_web_shop/src/main/java/com/scheduleem/shop/web/ServiceGroupController.java
/Users/timothyjeffcoat/schedulem_web_shop/src/main/java/com/scheduleem/shop/domain/Clients.java
/Users/timothyjeffcoat/schedulem_web_shop/src/main/java/com/scheduleem/shop/web/PublicShopController.java
/Users/timothyjeffcoat/schedulem_web_shop/src/main/java/com/scheduleem/shop/web/EmailController.java
/Users/timothyjeffcoat/schedulem_web_shop/src/main/java/com/scheduleem/shop/web/ShopSettingsController_Roo_Controller.aj
/Users/timothyjeffcoat/schedulem_web_shop/src/main/java/com/scheduleem/shop/domain/CustomService_Roo_ToString.aj
/Users/timothyjeffcoat/schedulem_web_shop/src/main/java/com/scheduleem/shop/web/StaffScheduleController.java
/Users/timothyjeffcoat/schedulem_web_shop/src/main/java/hirondelle/date4j/ToStringUtil.java
/Users/timothyjeffcoat/schedulem_web_shop/src/main/java/com/scheduleem/shop/web/AppointmentsNotificationHelper.java
/Users/timothyjeffcoat/schedulem_web_shop/src/main/java/com/scheduleem/shop/authenticaton/LoginSuccessHandler.java
/Users/timothyjeffcoat/schedulem_web_shop/src/main/java/com/scheduleem/shop/web/AddressesController_Roo_Controller.aj
/Users/timothyjeffcoat/schedulem_web_shop/src/main/java/com/scheduleem/shop/domain/GCal_Roo_Configurable.aj
/Users/timothyjeffcoat/schedulem_web_shop/src/main/java/com/scheduleem/shop/domain/ClientGroup_Roo_Finder.aj
/Users/timothyjeffcoat/schedulem_web_shop/src/main/java/com/scheduleem/shop/domain/Email_Roo_Configurable.aj
/Users/timothyjeffcoat/schedulem_web_shop/src/main/java/com/scheduleem/shop/authenticaton/MyLogoutSuccessHandler.java
/Users/timothyjeffcoat/schedulem_web_shop/src/main/java/com/scheduleem/shop/domain/PaymentsService_Roo_Configurable.aj
/Users/timothyjeffcoat/schedulem_web_shop/src/main/java/com/scheduleem/shop/domain/PaymentsService_Roo_Entity.aj
/Users/timothyjeffcoat/schedulem_web_shop/src/main/java/com/scheduleem/shop/domain/Staff_Roo_Jasperoo.aj
/Users/timothyjeffcoat/schedulem_web_shop/src/main/java/com/scheduleem/shop/web/PublicController.java
/Users/timothyjeffcoat/schedulem_web_shop/src/main/java/com/scheduleem/shop/web/ReportsController_Roo_Controller_Json.aj
/Users/timothyjeffcoat/schedulem_web_shop/src/main/java/com/scheduleem/shop/domain/AbstractPerson_Roo_Configurable.aj
/Users/timothyjeffcoat/schedulem_web_shop/src/main/java/com/scheduleem/shop/task/ScheduledProcessor.java
/Users/timothyjeffcoat/schedulem_web_shop/src/main/java/com/scheduleem/shop/domain/Audit.java
/Users/timothyjeffcoat/schedulem_web_shop/src/main/java/com/scheduleem/shop/domain/Schedule_Roo_Json.aj
/Users/timothyjeffcoat/schedulem_web_shop/src/main/java/com/scheduleem/shop/web/ShopScheduleController.java
/Users/timothyjeffcoat/schedulem_web_shop/src/main/java/com/scheduleem/shop/domain/Reports_Roo_Json.aj
/Users/timothyjeffcoat/schedulem_web_shop/src/main/java/com/scheduleem/shop/web/MyClientsController.java
/Users/timothyjeffcoat/schedulem_web_shop/src/main/java/com/scheduleem/shop/domain/Clients_Roo_JavaBean.aj
/Users/timothyjeffcoat/schedulem_web_shop/src/main/java/com/scheduleem/shop/domain/Shop_Roo_ToString.aj
/Users/timothyjeffcoat/schedulem_web_shop/src/main/java/com/scheduleem/shop/domain/Clients_Roo_Configurable.aj
/Users/timothyjeffcoat/schedulem_web_shop/src/main/java/com/scheduleem/shop/web/PublicShopRequestAppointmentController.java
/Users/timothyjeffcoat/schedulem_web_shop/src/main/java/com/scheduleem/shop/domain/Staff_Roo_JavaBean.aj
/Users/timothyjeffcoat/schedulem_web_shop/src/main/java/com/scheduleem/shop/web/EmailController_Roo_Controller_Json.aj
/Users/timothyjeffcoat/schedulem_web_shop/src/main/java/com/scheduleem/shop/web/CommunicationsController_Roo_Controller_Finder.aj
/Users/timothyjeffcoat/schedulem_web_shop/src/main/java/com/scheduleem/shop/domain/BaseService.java
/Users/timothyjeffcoat/schedulem_web_shop/src/main/java/ca/digitalface/jasperoo/reports/CustomJasperReportsMultiFormatView.java
/Users/timothyjeffcoat/schedulem_web_shop/src/main/java/com/scheduleem/shop/domain/ServiceGroup_Roo_ToString.aj
/Users/timothyjeffcoat/schedulem_web_shop/src/main/java/com/scheduleem/shop/web/PublicShopResetPwController.java
/Users/timothyjeffcoat/schedulem_web_shop/src/main/java/com/scheduleem/shop/web/ServiceGroupController_Roo_Controller_Finder.aj
/Users/timothyjeffcoat/schedulem_web_shop/src/main/java/com/scheduleem/shop/domain/Appointment_Roo_Finder.aj
/Users/timothyjeffcoat/schedulem_web_shop/src/main/java/com/scheduleem/shop/domain/Audit_Roo_Entity.aj
/Users/timothyjeffcoat/schedulem_web_shop/src/main/java/com/scheduleem/shop/domain/Staff_Roo_Configurable.aj
/Users/timothyjeffcoat/schedulem_web_shop/src/main/java/com/scheduleem/shop/domain/Communications_Roo_ToString.aj
/Users/timothyjeffcoat/schedulem_web_shop/src/main/java/com/scheduleem/shop/web/ShopSettingsController_Roo_Controller_Finder.aj
/Users/timothyjeffcoat/schedulem_web_shop/src/main/java/com/scheduleem/shop/reference/RegistrationTypes.java
